<?xml version="1.0" encoding="UTF-8"?>
<testsuite name="com.juacie.littlewar.battleengine.CombatMathTest" tests="7" skipped="0" failures="0" errors="0" timestamp="2026-08-15T05:25:02.485Z" hostname="CI-JackYendeMacBook-Pro.local" time="0.005">
  <properties/>
  <testcase name="rollHit_isDeterministic_forAGivenSeed" classname="com.juacie.littlewar.battleengine.CombatMathTest" time="0.0"/>
  <testcase name="lightAndDark_counterEachOther" classname="com.juacie.littlewar.battleengine.CombatMathTest" time="0.0"/>
  <testcase name="elementalTriangle_fireBeatsWood_woodBeatsWater_waterBeatsFire" classname="com.juacie.littlewar.battleengine.CombatMathTest" time="0.0"/>
  <testcase name="computeDamage_criticalHitsMultiplyDamage" classname="com.juacie.littlewar.battleengine.CombatMathTest" time="0.0"/>
  <testcase name="computeDamage_neverGoesBelowOne_evenAgainstHighDefense" classname="com.juacie.littlewar.battleengine.CombatMathTest" time="0.0"/>
  <testcase name="noneElement_isAlwaysNeutral" classname="com.juacie.littlewar.battleengine.CombatMathTest" time="0.0"/>
  <testcase name="rollHit_chanceIsClampedToHitBand" classname="com.juacie.littlewar.battleengine.CombatMathTest" time="0.004"/>
  <system-out><![CDATA[]]></system-out>
  <system-err><![CDATA[]]></system-err>
</testsuite>
