<?xml version="1.0" encoding="UTF-8"?>
<testsuite name="com.juacie.littlewar.battleengine.BattleEngineTest" tests="4" skipped="0" failures="0" errors="0" timestamp="2026-08-15T05:25:02.308Z" hostname="CI-JackYendeMacBook-Pro.local" time="0.174">
  <properties/>
  <testcase name="simulate_differentSeeds_produceDifferentEventSequences" classname="com.juacie.littlewar.battleengine.BattleEngineTest" time="0.151"/>
  <testcase name="simulate_isDeterministic_forTheSameSeed" classname="com.juacie.littlewar.battleengine.BattleEngineTest" time="0.014"/>
  <testcase name="simulate_massiveNumericalAdvantage_winsDecisively" classname="com.juacie.littlewar.battleengine.BattleEngineTest" time="0.002"/>
  <testcase name="simulate_alwaysEndsWithABattleEndEvent_withinTickCap" classname="com.juacie.littlewar.battleengine.BattleEngineTest" time="0.001"/>
  <system-out><![CDATA[]]></system-out>
  <system-err><![CDATA[]]></system-err>
</testsuite>
