<?xml version="1.0" encoding="UTF-8"?>
<testsuite name="com.juacie.littlewar.battleengine.TargetingTest" tests="5" skipped="0" failures="0" errors="0" timestamp="2026-08-15T05:25:02.494Z" hostname="CI-JackYendeMacBook-Pro.local" time="0.003">
  <properties/>
  <testcase name="distance_growsWithDepth" classname="com.juacie.littlewar.battleengine.TargetingTest" time="0.0"/>
  <testcase name="collectAoeTargets_single_onlyReturnsPrimary" classname="com.juacie.littlewar.battleengine.TargetingTest" time="0.002"/>
  <testcase name="collectAoeTargets_plus_includesOrthogonalNeighboursOnly" classname="com.juacie.littlewar.battleengine.TargetingTest" time="0.0"/>
  <testcase name="distance_laneGapCanExceedDepthGap" classname="com.juacie.littlewar.battleengine.TargetingTest" time="0.0"/>
  <testcase name="distance_adjacentFrontlines_sameLane_isOne" classname="com.juacie.littlewar.battleengine.TargetingTest" time="0.0"/>
  <system-out><![CDATA[]]></system-out>
  <system-err><![CDATA[]]></system-err>
</testsuite>
